Determining if the pthread_create exist failed with the following output:
Change Dir: /home/ly/visual_compass/DataSyn_ws/build/CMakeFiles/CMakeTmp

Run Build Command:"/usr/bin/make" "cmTC_4cbbb/fast"
/usr/bin/make -f CMakeFiles/cmTC_4cbbb.dir/build.make CMakeFiles/cmTC_4cbbb.dir/build
make[1]: Entering directory `/home/ly/visual_compass/DataSyn_ws/build/CMakeFiles/CMakeTmp'
Building C object CMakeFiles/cmTC_4cbbb.dir/CheckSymbolExists.c.o
/usr/bin/cc     -o CMakeFiles/cmTC_4cbbb.dir/CheckSymbolExists.c.o   -c /home/ly/visual_compass/DataSyn_ws/build/CMakeFiles/CMakeTmp/CheckSymbolExists.c
Linking C executable cmTC_4cbbb
/usr/local/bin/cmake -E cmake_link_script CMakeFiles/cmTC_4cbbb.dir/link.txt --verbose=1
/usr/bin/cc       CMakeFiles/cmTC_4cbbb.dir/CheckSymbolExists.c.o  -o cmTC_4cbbb -rdynamic 
CMakeFiles/cmTC_4cbbb.dir/CheckSymbolExists.c.o: In function `main':
CheckSymbolExists.c:(.text+0x16): undefined reference to `pthread_create'
collect2: error: ld returned 1 exit status
make[1]: *** [cmTC_4cbbb] Error 1
make[1]: Leaving directory `/home/ly/visual_compass/DataSyn_ws/build/CMakeFiles/CMakeTmp'
make: *** [cmTC_4cbbb/fast] Error 2

File /home/ly/visual_compass/DataSyn_ws/build/CMakeFiles/CMakeTmp/CheckSymbolExists.c:
/* */
#include <pthread.h>

int main(int argc, char** argv)
{
  (void)argv;
#ifndef pthread_create
  return ((int*)(&pthread_create))[argc];
#else
  (void)argc;
  return 0;
#endif
}

Determining if the function pthread_create exists in the pthreads failed with the following output:
Change Dir: /home/ly/visual_compass/DataSyn_ws/build/CMakeFiles/CMakeTmp

Run Build Command:"/usr/bin/make" "cmTC_f233e/fast"
/usr/bin/make -f CMakeFiles/cmTC_f233e.dir/build.make CMakeFiles/cmTC_f233e.dir/build
make[1]: Entering directory `/home/ly/visual_compass/DataSyn_ws/build/CMakeFiles/CMakeTmp'
Building C object CMakeFiles/cmTC_f233e.dir/CheckFunctionExists.c.o
/usr/bin/cc    -DCHECK_FUNCTION_EXISTS=pthread_create   -o CMakeFiles/cmTC_f233e.dir/CheckFunctionExists.c.o   -c /usr/local/share/cmake-3.5/Modules/CheckFunctionExists.c
Linking C executable cmTC_f233e
/usr/local/bin/cmake -E cmake_link_script CMakeFiles/cmTC_f233e.dir/link.txt --verbose=1
/usr/bin/cc   -DCHECK_FUNCTION_EXISTS=pthread_create    CMakeFiles/cmTC_f233e.dir/CheckFunctionExists.c.o  -o cmTC_f233e -rdynamic -lpthreads 
/usr/bin/ld: cannot find -lpthreads
collect2: error: ld returned 1 exit status
make[1]: *** [cmTC_f233e] Error 1
make[1]: Leaving directory `/home/ly/visual_compass/DataSyn_ws/build/CMakeFiles/CMakeTmp'
make: *** [cmTC_f233e/fast] Error 2


